<?xml version="1.0" encoding="UTF-8"?>
<!-- Generated by org.testng.reporters.JUnitReportReporter -->
<testsuite hostname="kairosHW0443" failures="0" tests="1" name="runner.Flipkart" time="21.331" errors="0" timestamp="2023-08-24T14:56:22 IST" skipped="0">
  <testcase classname="runner.Flipkart" name="runScenario" time="21.331"/>
  <system-out/>
</testsuite> <!-- runner.Flipkart -->
